# JRE version: Java(TM) SE Runtime Environment (8.0_144-b01) (build 1.8.0_144-b01)
# Java VM: Java HotSpot(TM) 64-Bit Server VM (25.144-b01 mixed mode linux-amd64 compressed oops)
Heap:
 PSYoungGen      total 73728K, used 4079K [0x00000000f5b00000, 0x00000000fa700000, 0x0000000100000000)
  eden space 69632K, 0% used [0x00000000f5b00000,0x00000000f5b00000,0x00000000f9f00000)
  from space 4096K, 99% used [0x00000000f9f00000,0x00000000fa2fbeb8,0x00000000fa300000)
  to   space 4096K, 0% used [0x00000000fa300000,0x00000000fa300000,0x00000000fa700000)
 ParOldGen       total 20992K, used 10939K [0x00000000e1000000, 0x00000000e2480000, 0x00000000f5b00000)
  object space 20992K, 52% used [0x00000000e1000000,0x00000000e1aaef60,0x00000000e2480000)
 Metaspace       used 28147K, capacity 28922K, committed 29312K, reserved 1075200K
  class space    used 3702K, capacity 3890K, committed 3968K, reserved 1048576K
GC Heap History (10 events):
Event: 1.503 GC heap after
Heap after GC invocations=5 (full 0):
 PSYoungGen      total 18432K, used 1016K [0x00000000f5b00000, 0x00000000f8300000, 0x0000000100000000)
  eden space 17408K, 0% used [0x00000000f5b00000,0x00000000f5b00000,0x00000000f6c00000)
  from space 1024K, 99% used [0x00000000f6c00000,0x00000000f6cfe2d8,0x00000000f6d00000)
  to   space 3072K, 0% used [0x00000000f8000000,0x00000000f8000000,0x00000000f8300000)
 ParOldGen       total 22016K, used 5102K [0x00000000e1000000, 0x00000000e2580000, 0x00000000f5b00000)
  object space 22016K, 23% used [0x00000000e1000000,0x00000000e14fbad0,0x00000000e2580000)
 Metaspace       used 11619K, capacity 12326K, committed 12544K, reserved 1060864K
  class space    used 1498K, capacity 1678K, committed 1792K, reserved 1048576K
}
Event: 1.609 GC heap before
{Heap before GC invocations=6 (full 0):
 PSYoungGen      total 18432K, used 18397K [0x00000000f5b00000, 0x00000000f8300000, 0x0000000100000000)
  eden space 17408K, 99% used [0x00000000f5b00000,0x00000000f6bf94c0,0x00000000f6c00000)
  from space 1024K, 99% used [0x00000000f6c00000,0x00000000f6cfe2d8,0x00000000f6d00000)
  to   space 3072K, 0% used [0x00000000f8000000,0x00000000f8000000,0x00000000f8300000)
 ParOldGen       total 22016K, used 5102K [0x00000000e1000000, 0x00000000e2580000, 0x00000000f5b00000)
  object space 22016K, 23% used [0x00000000e1000000,0x00000000e14fbad0,0x00000000e2580000)
 Metaspace       used 12735K, capacity 13350K, committed 13696K, reserved 1060864K
  class space    used 1661K, capacity 1806K, committed 1920K, reserved 1048576K
Event: 1.612 GC heap after
Heap after GC invocations=6 (full 0):
 PSYoungGen      total 37888K, used 1622K [0x00000000f5b00000, 0x00000000f8300000, 0x0000000100000000)
  eden space 34816K, 0% used [0x00000000f5b00000,0x00000000f5b00000,0x00000000f7d00000)
  from space 3072K, 52% used [0x00000000f8000000,0x00000000f8195a88,0x00000000f8300000)
  to   space 3072K, 0% used [0x00000000f7d00000,0x00000000f7d00000,0x00000000f8000000)
 ParOldGen       total 22016K, used 5110K [0x00000000e1000000, 0x00000000e2580000, 0x00000000f5b00000)
  object space 22016K, 23% used [0x00000000e1000000,0x00000000e14fdad0,0x00000000e2580000)
 Metaspace       used 12735K, capacity 13350K, committed 13696K, reserved 1060864K
  class space    used 1661K, capacity 1806K, committed 1920K, reserved 1048576K
}
Event: 2.629 GC heap before
{Heap before GC invocations=7 (full 0):
 PSYoungGen      total 37888K, used 36438K [0x00000000f5b00000, 0x00000000f8300000, 0x0000000100000000)
  eden space 34816K, 100% used [0x00000000f5b00000,0x00000000f7d00000,0x00000000f7d00000)
  from space 3072K, 52% used [0x00000000f8000000,0x00000000f8195a88,0x00000000f8300000)
  to   space 3072K, 0% used [0x00000000f7d00000,0x00000000f7d00000,0x00000000f8000000)
 ParOldGen       total 22016K, used 5110K [0x00000000e1000000, 0x00000000e2580000, 0x00000000f5b00000)
  object space 22016K, 23% used [0x00000000e1000000,0x00000000e14fdad0,0x00000000e2580000)
 Metaspace       used 18458K, capacity 19140K, committed 19328K, reserved 1067008K
  class space    used 2459K, capacity 2617K, committed 2688K, reserved 1048576K
Event: 2.638 GC heap after
Heap after GC invocations=7 (full 0):
 PSYoungGen      total 37888K, used 3049K [0x00000000f5b00000, 0x00000000fa700000, 0x0000000100000000)
  eden space 34816K, 0% used [0x00000000f5b00000,0x00000000f5b00000,0x00000000f7d00000)
  from space 3072K, 99% used [0x00000000f7d00000,0x00000000f7ffa470,0x00000000f8000000)
  to   space 4096K, 0% used [0x00000000fa300000,0x00000000fa300000,0x00000000fa700000)
 ParOldGen       total 22016K, used 5960K [0x00000000e1000000, 0x00000000e2580000, 0x00000000f5b00000)
  object space 22016K, 27% used [0x00000000e1000000,0x00000000e15d2280,0x00000000e2580000)
 Metaspace       used 18458K, capacity 19140K, committed 19328K, reserved 1067008K
  class space    used 2459K, capacity 2617K, committed 2688K, reserved 1048576K
}
Event: 3.079 GC heap before
{Heap before GC invocations=8 (full 0):
 PSYoungGen      total 37888K, used 16769K [0x00000000f5b00000, 0x00000000fa700000, 0x0000000100000000)
  eden space 34816K, 39% used [0x00000000f5b00000,0x00000000f6866260,0x00000000f7d00000)
  from space 3072K, 99% used [0x00000000f7d00000,0x00000000f7ffa470,0x00000000f8000000)
  to   space 4096K, 0% used [0x00000000fa300000,0x00000000fa300000,0x00000000fa700000)
 ParOldGen       total 22016K, used 5960K [0x00000000e1000000, 0x00000000e2580000, 0x00000000f5b00000)
  object space 22016K, 27% used [0x00000000e1000000,0x00000000e15d2280,0x00000000e2580000)
 Metaspace       used 20341K, capacity 21030K, committed 21296K, reserved 1067008K
  class space    used 2757K, capacity 2926K, committed 2944K, reserved 1048576K
Event: 3.099 GC heap after
Heap after GC invocations=8 (full 0):
 PSYoungGen      total 73728K, used 3035K [0x00000000f5b00000, 0x00000000fa700000, 0x0000000100000000)
  eden space 69632K, 0% used [0x00000000f5b00000,0x00000000f5b00000,0x00000000f9f00000)
  from space 4096K, 74% used [0x00000000fa300000,0x00000000fa5f6cf0,0x00000000fa700000)
  to   space 4096K, 0% used [0x00000000f9f00000,0x00000000f9f00000,0x00000000fa300000)
 ParOldGen       total 22016K, used 6170K [0x00000000e1000000, 0x00000000e2580000, 0x00000000f5b00000)
  object space 22016K, 28% used [0x00000000e1000000,0x00000000e1606848,0x00000000e2580000)
 Metaspace       used 20341K, capacity 21030K, committed 21296K, reserved 1067008K
  class space    used 2757K, capacity 2926K, committed 2944K, reserved 1048576K
}
Event: 3.099 GC heap before
{Heap before GC invocations=9 (full 1):
 PSYoungGen      total 73728K, used 3035K [0x00000000f5b00000, 0x00000000fa700000, 0x0000000100000000)
  eden space 69632K, 0% used [0x00000000f5b00000,0x00000000f5b00000,0x00000000f9f00000)
  from space 4096K, 74% used [0x00000000fa300000,0x00000000fa5f6cf0,0x00000000fa700000)
  to   space 4096K, 0% used [0x00000000f9f00000,0x00000000f9f00000,0x00000000fa300000)
 ParOldGen       total 22016K, used 6170K [0x00000000e1000000, 0x00000000e2580000, 0x00000000f5b00000)
  object space 22016K, 28% used [0x00000000e1000000,0x00000000e1606848,0x00000000e2580000)
 Metaspace       used 20341K, capacity 21030K, committed 21296K, reserved 1067008K
  class space    used 2757K, capacity 2926K, committed 2944K, reserved 1048576K
Event: 3.143 GC heap after
Heap after GC invocations=9 (full 1):
 PSYoungGen      total 73728K, used 0K [0x00000000f5b00000, 0x00000000fa700000, 0x0000000100000000)
  eden space 69632K, 0% used [0x00000000f5b00000,0x00000000f5b00000,0x00000000f9f00000)
  from space 4096K, 0% used [0x00000000fa300000,0x00000000fa300000,0x00000000fa700000)
  to   space 4096K, 0% used [0x00000000f9f00000,0x00000000f9f00000,0x00000000fa300000)
 ParOldGen       total 20992K, used 6661K [0x00000000e1000000, 0x00000000e2480000, 0x00000000f5b00000)
  object space 20992K, 31% used [0x00000000e1000000,0x00000000e1681678,0x00000000e2480000)
 Metaspace       used 20341K, capacity 21030K, committed 21296K, reserved 1067008K
  class space    used 2757K, capacity 2926K, committed 2944K, reserved 1048576K
}
Event: 46.311 GC heap before
{Heap before GC invocations=10 (full 1):
 PSYoungGen      total 73728K, used 69632K [0x00000000f5b00000, 0x00000000fa700000, 0x0000000100000000)
  eden space 69632K, 100% used [0x00000000f5b00000,0x00000000f9f00000,0x00000000f9f00000)
  from space 4096K, 0% used [0x00000000fa300000,0x00000000fa300000,0x00000000fa700000)
  to   space 4096K, 0% used [0x00000000f9f00000,0x00000000f9f00000,0x00000000fa300000)
 ParOldGen       total 20992K, used 6661K [0x00000000e1000000, 0x00000000e2480000, 0x00000000f5b00000)
  object space 20992K, 31% used [0x00000000e1000000,0x00000000e1681678,0x00000000e2480000)
 Metaspace       used 28147K, capacity 28922K, committed 29312K, reserved 1075200K
  class space    used 3702K, capacity 3890K, committed 3968K, reserved 1048576K

